<?xml version="1.0" encoding="UTF-8"?>
<!-- Generated by org.testng.reporters.JUnitReportReporter -->
<testsuite hostname="STP01LAP556" failures="0" tests="1" name="SumValidation" time="1.309" errors="0" timestamp="2022-09-02T14:49:46 IST" skipped="0">
  <testcase classname="SumValidation" name="SumofCourses" time="1.309"/>
  <system-out/>
</testsuite> <!-- SumValidation -->
