<?xml version="1.0" encoding="UTF-8"?>
<!-- Generated by org.testng.reporters.JUnitReportReporter -->
<testsuite hostname="STP01LAP556" failures="0" tests="1" name="XMLRead" time="1.023" errors="0" timestamp="2022-09-02T15:41:57 IST" skipped="0">
  <testcase classname="XMLRead" name="XMLParse" time="1.023"/>
  <system-out/>
</testsuite> <!-- XMLRead -->
