<?xml version="1.0" encoding="UTF-8"?>
<!-- Generated by org.testng.reporters.JUnitReportReporter -->
<testsuite hostname="STP01LAP556" failures="0" tests="3" name="files.DynamicJson" time="3.549" errors="0" timestamp="2022-09-03T17:28:09 IST" skipped="0">
  <testcase classname="files.DynamicJson" name="addBook" time="0.229"/>
  <system-out/>
  <testcase classname="files.DynamicJson" name="addBook" time="0.189"/>
  <system-out/>
  <testcase classname="files.DynamicJson" name="addBook" time="3.131"/>
  <system-out/>
</testsuite> <!-- files.DynamicJson -->
